G:\2 SEMESTR\JPWP\MOJE\GRA_THECURSEOFTHEWITCH\CONSOLEAPPLICATION1\DEBUG\BIGANT.OBJ
G:\2 SEMESTR\JPWP\MOJE\GRA_THECURSEOFTHEWITCH\CONSOLEAPPLICATION1\DEBUG\BOY.OBJ
G:\2 SEMESTR\JPWP\MOJE\GRA_THECURSEOFTHEWITCH\CONSOLEAPPLICATION1\DEBUG\ELF.OBJ
G:\2 SEMESTR\JPWP\MOJE\GRA_THECURSEOFTHEWITCH\CONSOLEAPPLICATION1\DEBUG\ENEMY.OBJ
G:\2 SEMESTR\JPWP\MOJE\GRA_THECURSEOFTHEWITCH\CONSOLEAPPLICATION1\DEBUG\FRIEND.OBJ
G:\2 SEMESTR\JPWP\MOJE\GRA_THECURSEOFTHEWITCH\CONSOLEAPPLICATION1\DEBUG\GAME.OBJ
G:\2 SEMESTR\JPWP\MOJE\GRA_THECURSEOFTHEWITCH\CONSOLEAPPLICATION1\DEBUG\GIRL.OBJ
G:\2 SEMESTR\JPWP\MOJE\GRA_THECURSEOFTHEWITCH\CONSOLEAPPLICATION1\DEBUG\JADIS.OBJ
G:\2 SEMESTR\JPWP\MOJE\GRA_THECURSEOFTHEWITCH\CONSOLEAPPLICATION1\DEBUG\MAIN.OBJ
G:\2 SEMESTR\JPWP\MOJE\GRA_THECURSEOFTHEWITCH\CONSOLEAPPLICATION1\DEBUG\PLAYER.OBJ
G:\2 SEMESTR\JPWP\MOJE\GRA_THECURSEOFTHEWITCH\CONSOLEAPPLICATION1\DEBUG\PRINTTEXT.OBJ
G:\2 SEMESTR\JPWP\MOJE\GRA_THECURSEOFTHEWITCH\CONSOLEAPPLICATION1\DEBUG\REPTILIAN.OBJ
G:\2 SEMESTR\JPWP\MOJE\GRA_THECURSEOFTHEWITCH\CONSOLEAPPLICATION1\DEBUG\SABRINA.OBJ
G:\2 SEMESTR\JPWP\MOJE\GRA_THECURSEOFTHEWITCH\CONSOLEAPPLICATION1\DEBUG\TEXTEXCEPTION.OBJ
G:\2 SEMESTR\JPWP\MOJE\GRA_THECURSEOFTHEWITCH\CONSOLEAPPLICATION1\DEBUG\TIFFANY.OBJ
G:\2 SEMESTR\JPWP\MOJE\GRA_THECURSEOFTHEWITCH\CONSOLEAPPLICATION1\DEBUG\VAMPIRE.OBJ
G:\2 SEMESTR\JPWP\MOJE\GRA_THECURSEOFTHEWITCH\CONSOLEAPPLICATION1\DEBUG\WITCH.OBJ
G:\2 SEMESTR\JPWP\MOJE\GRA_THECURSEOFTHEWITCH\CONSOLEAPPLICATION1\DEBUG\WIZARD.OBJ
G:\2 SEMESTR\JPWP\MOJE\GRA_THECURSEOFTHEWITCH\CONSOLEAPPLICATION1\DEBUG\ZOMBIE.OBJ
G:\2 SEMESTR\JPWP\MOJE\GRA_THECURSEOFTHEWITCH\CONSOLEAPPLICATION1\DEBUG\VC110.PDB
G:\2 SEMESTR\JPWP\MOJE\GRA_THECURSEOFTHEWITCH\DEBUG\CONSOLEAPPLICATION1.ILK
G:\2 SEMESTR\JPWP\MOJE\GRA_THECURSEOFTHEWITCH\DEBUG\CONSOLEAPPLICATION1.EXE
G:\2 SEMESTR\JPWP\MOJE\GRA_THECURSEOFTHEWITCH\DEBUG\CONSOLEAPPLICATION1.PDB
G:\2 semestr\JPWP\moje\Gra_TheCurseOfTheWitch\ConsoleApplication1\Debug\BigAnt.obj
G:\2 semestr\JPWP\moje\Gra_TheCurseOfTheWitch\ConsoleApplication1\Debug\Boy.obj
G:\2 semestr\JPWP\moje\Gra_TheCurseOfTheWitch\ConsoleApplication1\Debug\Elf.obj
G:\2 semestr\JPWP\moje\Gra_TheCurseOfTheWitch\ConsoleApplication1\Debug\Enemy.obj
G:\2 semestr\JPWP\moje\Gra_TheCurseOfTheWitch\ConsoleApplication1\Debug\Friend.obj
G:\2 semestr\JPWP\moje\Gra_TheCurseOfTheWitch\ConsoleApplication1\Debug\Game.obj
G:\2 semestr\JPWP\moje\Gra_TheCurseOfTheWitch\ConsoleApplication1\Debug\Girl.obj
G:\2 semestr\JPWP\moje\Gra_TheCurseOfTheWitch\ConsoleApplication1\Debug\Jadis.obj
G:\2 semestr\JPWP\moje\Gra_TheCurseOfTheWitch\ConsoleApplication1\Debug\Player.obj
G:\2 semestr\JPWP\moje\Gra_TheCurseOfTheWitch\ConsoleApplication1\Debug\PrintText.obj
G:\2 semestr\JPWP\moje\Gra_TheCurseOfTheWitch\ConsoleApplication1\Debug\Reptilian.obj
G:\2 semestr\JPWP\moje\Gra_TheCurseOfTheWitch\ConsoleApplication1\Debug\Sabrina.obj
G:\2 semestr\JPWP\moje\Gra_TheCurseOfTheWitch\ConsoleApplication1\Debug\Tiffany.obj
G:\2 semestr\JPWP\moje\Gra_TheCurseOfTheWitch\ConsoleApplication1\Debug\Vampire.obj
G:\2 semestr\JPWP\moje\Gra_TheCurseOfTheWitch\ConsoleApplication1\Debug\Witch.obj
G:\2 semestr\JPWP\moje\Gra_TheCurseOfTheWitch\ConsoleApplication1\Debug\Wizard.obj
G:\2 semestr\JPWP\moje\Gra_TheCurseOfTheWitch\ConsoleApplication1\Debug\Zombie.obj
G:\2 semestr\JPWP\moje\Gra_TheCurseOfTheWitch\ConsoleApplication1\Debug\TextException.obj
G:\2 semestr\JPWP\moje\Gra_TheCurseOfTheWitch\ConsoleApplication1\Debug\main.obj
G:\2 semestr\JPWP\moje\Gra_TheCurseOfTheWitch\ConsoleApplication1\Debug\link.5768-cvtres.read.1.tlog
G:\2 semestr\JPWP\moje\Gra_TheCurseOfTheWitch\ConsoleApplication1\Debug\link.5768.write.1.tlog
G:\2 semestr\JPWP\moje\Gra_TheCurseOfTheWitch\ConsoleApplication1\Debug\CL.read.1.tlog
G:\2 semestr\JPWP\moje\Gra_TheCurseOfTheWitch\ConsoleApplication1\Debug\CL.write.1.tlog
G:\2 semestr\JPWP\moje\Gra_TheCurseOfTheWitch\ConsoleApplication1\Debug\cl.command.1.tlog
G:\2 semestr\JPWP\moje\Gra_TheCurseOfTheWitch\ConsoleApplication1\Debug\link-rc.read.1.tlog
G:\2 semestr\JPWP\moje\Gra_TheCurseOfTheWitch\ConsoleApplication1\Debug\link-rc.write.1.tlog
G:\2 semestr\JPWP\moje\Gra_TheCurseOfTheWitch\ConsoleApplication1\Debug\link-cvtres.read.1.tlog
G:\2 semestr\JPWP\moje\Gra_TheCurseOfTheWitch\ConsoleApplication1\Debug\link-cvtres.write.1.tlog
G:\2 semestr\JPWP\moje\Gra_TheCurseOfTheWitch\ConsoleApplication1\Debug\link.read.1.tlog
G:\2 semestr\JPWP\moje\Gra_TheCurseOfTheWitch\ConsoleApplication1\Debug\link.write.1.tlog
G:\2 semestr\JPWP\moje\Gra_TheCurseOfTheWitch\ConsoleApplication1\Debug\link.command.1.tlog
G:\2 semestr\JPWP\moje\Gra_TheCurseOfTheWitch\ConsoleApplication1\Debug\link.5768-cvtres.write.1.tlog
G:\2 semestr\JPWP\moje\Gra_TheCurseOfTheWitch\ConsoleApplication1\Debug\link.5288-rc.read.1.tlog
G:\2 semestr\JPWP\moje\Gra_TheCurseOfTheWitch\ConsoleApplication1\Debug\link.5288-rc.write.1.tlog
G:\2 semestr\JPWP\moje\Gra_TheCurseOfTheWitch\ConsoleApplication1\Debug\link.5288-cvtres.read.1.tlog
G:\2 semestr\JPWP\moje\Gra_TheCurseOfTheWitch\ConsoleApplication1\Debug\link.5288-cvtres.write.1.tlog
G:\2 semestr\JPWP\moje\Gra_TheCurseOfTheWitch\ConsoleApplication1\Debug\link.5288.read.1.tlog
G:\2 semestr\JPWP\moje\Gra_TheCurseOfTheWitch\ConsoleApplication1\Debug\link.5288.write.1.tlog
G:\2 semestr\JPWP\moje\Gra_TheCurseOfTheWitch\ConsoleApplication1\Debug\link.5768-rc.read.1.tlog
G:\2 semestr\JPWP\moje\Gra_TheCurseOfTheWitch\ConsoleApplication1\Debug\link.5768-rc.write.1.tlog
G:\2 semestr\JPWP\moje\Gra_TheCurseOfTheWitch\ConsoleApplication1\Debug\link.5768.read.1.tlog
G:\2 semestr\JPWP\moje\Gra_TheCurseOfTheWitch\ConsoleApplication1\Debug\vc110.idb
G:\2 semestr\JPWP\moje\Gra_TheCurseOfTheWitch\ConsoleApplication1\Debug\vc110.pdb
G:\2 semestr\JPWP\moje\Gra_TheCurseOfTheWitch\Debug\ConsoleApplication1.pdb
G:\2 semestr\JPWP\moje\Gra_TheCurseOfTheWitch\Debug\ConsoleApplication1.exe
G:\2 semestr\JPWP\moje\Gra_TheCurseOfTheWitch\Debug\ConsoleApplication1.ilk
